{"uuid":"3cfe5f5d-db8f-4a19-a416-c3b9c325d352","historyId":"7adb2ce3f0c54c1217a418d00bdf1cb8","fullName":"src/test/resources/features/login.feature:3","labels":[{"name":"host","value":"SereenSaud"},{"name":"thread","value":"3380@SereenSaud.main(1)"},{"name":"feature","value":"User Login"},{"name":"story","value":"Login with valid credentials"},{"name":"suite","value":"User Login"},{"name":"testClass","value":"Login with valid credentials"},{"name":"framework","value":"cucumber4jvm"},{"name":"language","value":"java"},{"name":"gherkin_uri","value":"file:///C:/Users/Sereen/IdeaProjects/BDD-SELENIUM-LEARNING/src/test/resources/features/login.feature"},{"name":"package","value":"src.test.resources.features.login_feature.User Login"}],"links":[],"name":"Login with valid credentials","status":"failed","statusDetails":{"known":false,"muted":false,"flaky":false,"message":"Login verification element not found or not visible!","trace":"java.lang.AssertionError: Login verification element not found or not visible!\r\n\tat org.junit.Assert.fail(Assert.java:89)\r\n\tat org.junit.Assert.assertTrue(Assert.java:42)\r\n\tat org.example.stepdefinitions.LoginSteps.user_should_be_logged_in_successfully(LoginSteps.java:45)\r\n\tat ✽.User should be logged in successfully as \"DLP-Logged-In-Text\"(file:///C:/Users/Sereen/IdeaProjects/BDD-SELENIUM-LEARNING/src/test/resources/features/login.feature:10)\r\n"},"stage":"finished","steps":[{"name":"Given  User launches browser","status":"passed","statusDetails":{"known":false,"muted":false,"flaky":false},"stage":"finished","steps":[],"attachments":[],"parameters":[],"start":1752847570216,"stop":1752847571613},{"name":"When  User opens URL","status":"passed","statusDetails":{"known":false,"muted":false,"flaky":false},"stage":"finished","steps":[],"attachments":[],"parameters":[],"start":1752847571613,"stop":1752847580686},{"name":"And  User clicks \"DLP-Login-Link\"","status":"passed","statusDetails":{"known":false,"muted":false,"flaky":false},"stage":"finished","steps":[],"attachments":[],"parameters":[],"start":1752847580686,"stop":1752847583112},{"name":"And  User enters \"youremailtest@example.com\" in \"DLP-Email-Field\" field","status":"passed","statusDetails":{"known":false,"muted":false,"flaky":false},"stage":"finished","steps":[],"attachments":[],"parameters":[],"start":1752847583113,"stop":1752847583227},{"name":"And  User enters \"yourpasswords\" in \"DLP-Password-Field\" field","status":"passed","statusDetails":{"known":false,"muted":false,"flaky":false},"stage":"finished","steps":[],"attachments":[],"parameters":[],"start":1752847583227,"stop":1752847583303},{"name":"And  User clicks \"DLP-Sign-In-Button\"","status":"passed","statusDetails":{"known":false,"muted":false,"flaky":false},"stage":"finished","steps":[],"attachments":[],"parameters":[],"start":1752847583304,"stop":1752847585167},{"name":"Then  User should be logged in successfully as \"DLP-Logged-In-Text\"","status":"failed","statusDetails":{"known":false,"muted":false,"flaky":false,"message":"Login verification element not found or not visible!","trace":"java.lang.AssertionError: Login verification element not found or not visible!\r\n\tat org.junit.Assert.fail(Assert.java:89)\r\n\tat org.junit.Assert.assertTrue(Assert.java:42)\r\n\tat org.example.stepdefinitions.LoginSteps.user_should_be_logged_in_successfully(LoginSteps.java:45)\r\n\tat ✽.User should be logged in successfully as \"DLP-Logged-In-Text\"(file:///C:/Users/Sereen/IdeaProjects/BDD-SELENIUM-LEARNING/src/test/resources/features/login.feature:10)\r\n"},"stage":"finished","steps":[],"attachments":[],"parameters":[],"start":1752847585168,"stop":1752847595248}],"attachments":[],"parameters":[],"start":1752847570158,"stop":1752847595739}